# JRE version: Java(TM) SE Runtime Environment (8.0_51-b16) (build 1.8.0_51-b16)
# Java VM: Java HotSpot(TM) 64-Bit Server VM (25.51-b03 mixed mode windows-amd64 compressed oops)
Heap:
 PSYoungGen      total 34304K, used 6172K [0x00000000eb580000, 0x00000000ed980000, 0x0000000100000000)
  eden space 31744K, 12% used [0x00000000eb580000,0x00000000eb987ae0,0x00000000ed480000)
  from space 2560K, 92% used [0x00000000ed700000,0x00000000ed950000,0x00000000ed980000)
  to   space 2560K, 0% used [0x00000000ed480000,0x00000000ed480000,0x00000000ed700000)
 ParOldGen       total 42496K, used 12310K [0x00000000c2000000, 0x00000000c4980000, 0x00000000eb580000)
  object space 42496K, 28% used [0x00000000c2000000,0x00000000c2c05830,0x00000000c4980000)
 Metaspace       used 11814K, capacity 12012K, committed 12160K, reserved 1060864K
  class space    used 1476K, capacity 1572K, committed 1664K, reserved 1048576K
GC Heap History (4 events):
Event: 0.818 GC heap before
{Heap before GC invocations=1 (full 0):
 PSYoungGen      total 18432K, used 15872K [0x00000000eb580000, 0x00000000eca00000, 0x0000000100000000)
  eden space 15872K, 100% used [0x00000000eb580000,0x00000000ec500000,0x00000000ec500000)
  from space 2560K, 0% used [0x00000000ec780000,0x00000000ec780000,0x00000000eca00000)
  to   space 2560K, 0% used [0x00000000ec500000,0x00000000ec500000,0x00000000ec780000)
 ParOldGen       total 42496K, used 0K [0x00000000c2000000, 0x00000000c4980000, 0x00000000eb580000)
  object space 42496K, 0% used [0x00000000c2000000,0x00000000c2000000,0x00000000c4980000)
 Metaspace       used 11525K, capacity 11660K, committed 11904K, reserved 1058816K
  class space    used 1469K, capacity 1540K, committed 1664K, reserved 1048576K
Event: 0.839 GC heap after
Heap after GC invocations=1 (full 0):
 PSYoungGen      total 18432K, used 2400K [0x00000000eb580000, 0x00000000ed980000, 0x0000000100000000)
  eden space 15872K, 0% used [0x00000000eb580000,0x00000000eb580000,0x00000000ec500000)
  from space 2560K, 93% used [0x00000000ec500000,0x00000000ec758000,0x00000000ec780000)
  to   space 2560K, 0% used [0x00000000ed700000,0x00000000ed700000,0x00000000ed980000)
 ParOldGen       total 42496K, used 12302K [0x00000000c2000000, 0x00000000c4980000, 0x00000000eb580000)
  object space 42496K, 28% used [0x00000000c2000000,0x00000000c2c03830,0x00000000c4980000)
 Metaspace       used 11525K, capacity 11660K, committed 11904K, reserved 1058816K
  class space    used 1469K, capacity 1540K, committed 1664K, reserved 1048576K
}
Event: 0.999 GC heap before
{Heap before GC invocations=2 (full 0):
 PSYoungGen      total 18432K, used 18272K [0x00000000eb580000, 0x00000000ed980000, 0x0000000100000000)
  eden space 15872K, 100% used [0x00000000eb580000,0x00000000ec500000,0x00000000ec500000)
  from space 2560K, 93% used [0x00000000ec500000,0x00000000ec758000,0x00000000ec780000)
  to   space 2560K, 0% used [0x00000000ed700000,0x00000000ed700000,0x00000000ed980000)
 ParOldGen       total 42496K, used 12302K [0x00000000c2000000, 0x00000000c4980000, 0x00000000eb580000)
  object space 42496K, 28% used [0x00000000c2000000,0x00000000c2c03830,0x00000000c4980000)
 Metaspace       used 11814K, capacity 12012K, committed 12160K, reserved 1060864K
  class space    used 1476K, capacity 1572K, committed 1664K, reserved 1048576K
Event: 1.002 GC heap after
Heap after GC invocations=2 (full 0):
 PSYoungGen      total 34304K, used 2368K [0x00000000eb580000, 0x00000000ed980000, 0x0000000100000000)
  eden space 31744K, 0% used [0x00000000eb580000,0x00000000eb580000,0x00000000ed480000)
  from space 2560K, 92% used [0x00000000ed700000,0x00000000ed950000,0x00000000ed980000)
  to   space 2560K, 0% used [0x00000000ed480000,0x00000000ed480000,0x00000000ed700000)
 ParOldGen       total 42496K, used 12310K [0x00000000c2000000, 0x00000000c4980000, 0x00000000eb580000)
  object space 42496K, 28% used [0x00000000c2000000,0x00000000c2c05830,0x00000000c4980000)
 Metaspace       used 11814K, capacity 12012K, committed 12160K, reserved 1060864K
  class space    used 1476K, capacity 1572K, committed 1664K, reserved 1048576K
}

